<?xml version="1.0" encoding="UTF-8"?>
<!-- Generated by org.testng.reporters.JUnitXMLReporter -->
<testsuite hostname="DESKTOP-C35QMNU" ignored="0" name="Default test" tests="6" failures="0" timestamp="23 Feb 2019 16:28:07 GMT" time="0.062" errors="0">
  <testcase name="AndroidApp" time="0.016" classname="qaclickacademy.AppiumTest"/>
  <testcase name="IOSApp" time="0.0" classname="qaclickacademy.AppiumTest"/>
  <testcase name="Jira" time="0.0" classname="qaclickacademy.APITest"/>
  <testcase name="Twitter" time="0.0" classname="qaclickacademy.APITest"/>
  <testcase name="Browser" time="0.016" classname="qaclickacademy.SeleniumTest"/>
  <testcase name="Element" time="0.0" classname="qaclickacademy.SeleniumTest"/>
</testsuite> <!-- Default test -->
