<?xml version="1.0" encoding="UTF-8"?>
<testsuite hostname="DESKTOP-C35QMNU" name="qaclickacademy.APITest" tests="6" failures="0" timestamp="23 Feb 2019 17:09:43 GMT" time="0.043" errors="0">
  <testcase name="Jira" time="0.015" classname="qaclickacademy.APITest"/>
  <testcase name="Twitter" time="0.001" classname="qaclickacademy.APITest"/>
  <testcase name="AndroidApp" time="0.001" classname="qaclickacademy.AppiumTest"/>
  <testcase name="IOSApp" time="0.001" classname="qaclickacademy.AppiumTest"/>
  <testcase name="Browser" time="0.001" classname="qaclickacademy.SeleniumTest"/>
  <testcase name="Element" time="0.001" classname="qaclickacademy.SeleniumTest"/>
</testsuite>
