<?xml version="1.0" encoding="UTF-8"?>
<testng-results skipped="0" failed="0" total="6" passed="6">
  <reporter-output>
  </reporter-output>
  <suite name="Command line suite" duration-ms="43" started-at="2019-02-23T12:09:43Z" finished-at="2019-02-23T12:09:43Z">
    <groups>
    </groups>
    <test name="Command line test" duration-ms="43" started-at="2019-02-23T12:09:43Z" finished-at="2019-02-23T12:09:43Z">
      <class name="qaclickacademy.AppiumTest">
        <test-method status="PASS" signature="AndroidApp()" name="AndroidApp" duration-ms="1" started-at="2019-02-23T12:09:43Z" finished-at="2019-02-23T12:09:43Z">
        </test-method>
        <test-method status="PASS" signature="IOSApp()" name="IOSApp" duration-ms="1" started-at="2019-02-23T12:09:43Z" finished-at="2019-02-23T12:09:43Z">
        </test-method>
      </class>
      <class name="qaclickacademy.APITest">
        <test-method status="PASS" signature="Jira()" name="Jira" duration-ms="15" started-at="2019-02-23T12:09:43Z" finished-at="2019-02-23T12:09:43Z">
        </test-method>
        <test-method status="PASS" signature="Twitter()" name="Twitter" duration-ms="1" started-at="2019-02-23T12:09:43Z" finished-at="2019-02-23T12:09:43Z">
        </test-method>
      </class>
      <class name="qaclickacademy.SeleniumTest">
        <test-method status="PASS" signature="Browser()" name="Browser" duration-ms="1" started-at="2019-02-23T12:09:43Z" finished-at="2019-02-23T12:09:43Z">
        </test-method>
        <test-method status="PASS" signature="Element()" name="Element" duration-ms="1" started-at="2019-02-23T12:09:43Z" finished-at="2019-02-23T12:09:43Z">
        </test-method>
      </class>
    </test>
  </suite>
</testng-results>
