<?xml version="1.0" encoding="UTF-8"?>
<testng-results skipped="0" failed="0" ignored="0" total="6" passed="6">
  <reporter-output>
  </reporter-output>
  <suite name="Default suite" duration-ms="62" started-at="2019-02-23T16:28:07Z" finished-at="2019-02-23T16:28:07Z">
    <groups>
    </groups>
    <test name="Default test" duration-ms="62" started-at="2019-02-23T16:28:07Z" finished-at="2019-02-23T16:28:07Z">
      <class name="qaclickacademy.AppiumTest">
        <test-method status="PASS" signature="AndroidApp()[pri:0, instance:qaclickacademy.AppiumTest@18be83e4]" name="AndroidApp" duration-ms="16" started-at="2019-02-23T16:28:07Z" finished-at="2019-02-23T16:28:07Z">
          <reporter-output>
          </reporter-output>
        </test-method> <!-- AndroidApp -->
        <test-method status="PASS" signature="IOSApp()[pri:0, instance:qaclickacademy.AppiumTest@18be83e4]" name="IOSApp" duration-ms="0" started-at="2019-02-23T16:28:07Z" finished-at="2019-02-23T16:28:07Z">
          <reporter-output>
          </reporter-output>
        </test-method> <!-- IOSApp -->
      </class> <!-- qaclickacademy.AppiumTest -->
      <class name="qaclickacademy.APITest">
        <test-method status="PASS" signature="Twitter()[pri:0, instance:qaclickacademy.APITest@2b98378d]" name="Twitter" duration-ms="0" started-at="2019-02-23T16:28:07Z" finished-at="2019-02-23T16:28:07Z">
          <reporter-output>
          </reporter-output>
        </test-method> <!-- Twitter -->
        <test-method status="PASS" signature="Jira()[pri:0, instance:qaclickacademy.APITest@2b98378d]" name="Jira" duration-ms="0" started-at="2019-02-23T16:28:07Z" finished-at="2019-02-23T16:28:07Z">
          <reporter-output>
          </reporter-output>
        </test-method> <!-- Jira -->
      </class> <!-- qaclickacademy.APITest -->
      <class name="qaclickacademy.SeleniumTest">
        <test-method status="PASS" signature="Browser()[pri:0, instance:qaclickacademy.SeleniumTest@475530b9]" name="Browser" duration-ms="16" started-at="2019-02-23T16:28:07Z" finished-at="2019-02-23T16:28:07Z">
          <reporter-output>
          </reporter-output>
        </test-method> <!-- Browser -->
        <test-method status="PASS" signature="Element()[pri:0, instance:qaclickacademy.SeleniumTest@475530b9]" name="Element" duration-ms="0" started-at="2019-02-23T16:28:07Z" finished-at="2019-02-23T16:28:07Z">
          <reporter-output>
          </reporter-output>
        </test-method> <!-- Element -->
      </class> <!-- qaclickacademy.SeleniumTest -->
    </test> <!-- Default test -->
  </suite> <!-- Default suite -->
</testng-results>
